# JRE version: Java(TM) SE Runtime Environment (8.0_121-b13) (build 1.8.0_121-b13)
# Java VM: Java HotSpot(TM) Server VM (25.121-b13 mixed mode linux-x86 )
Heap:
 PSYoungGen      total 70912K, used 6650K [0x9c800000, 0xa1500000, 0xa7000000)
  eden space 64256K, 0% used [0x9c800000,0x9c800000,0xa06c0000)
  from space 6656K, 99% used [0xa06c0000,0xa0d3e918,0xa0d40000)
  to   space 5376K, 0% used [0xa0d40000,0xa0d40000,0xa1280000)
 ParOldGen       total 22016K, used 11529K [0x87800000, 0x88d80000, 0x9c800000)
  object space 22016K, 52% used [0x87800000,0x88342620,0x88d80000)
 Metaspace       used 11481K, capacity 11687K, committed 11800K, reserved 12592K
GC Heap History (10 events):
Event: 1,963 GC heap after
Heap after GC invocations=2 (full 0):
 PSYoungGen      total 17664K, used 1271K [0x9c800000, 0x9da80000, 0xa7000000)
  eden space 16384K, 0% used [0x9c800000,0x9c800000,0x9d800000)
  from space 1280K, 99% used [0x9d940000,0x9da7df10,0x9da80000)
  to   space 1280K, 0% used [0x9d800000,0x9d800000,0x9d940000)
 ParOldGen       total 22016K, used 1135K [0x87800000, 0x88d80000, 0x9c800000)
  object space 22016K, 5% used [0x87800000,0x8791be30,0x88d80000)
 Metaspace       used 4314K, capacity 4360K, committed 4376K, reserved 4400K
}
Event: 3,468 GC heap before
{Heap before GC invocations=3 (full 0):
 PSYoungGen      total 17664K, used 17655K [0x9c800000, 0x9da80000, 0xa7000000)
  eden space 16384K, 100% used [0x9c800000,0x9d800000,0x9d800000)
  from space 1280K, 99% used [0x9d940000,0x9da7df10,0x9da80000)
  to   space 1280K, 0% used [0x9d800000,0x9d800000,0x9d940000)
 ParOldGen       total 22016K, used 1135K [0x87800000, 0x88d80000, 0x9c800000)
  object space 22016K, 5% used [0x87800000,0x8791be30,0x88d80000)
 Metaspace       used 6764K, capacity 6923K, committed 6936K, reserved 7472K
Event: 3,477 GC heap after
Heap after GC invocations=3 (full 0):
 PSYoungGen      total 17664K, used 1272K [0x9c800000, 0x9ea80000, 0xa7000000)
  eden space 16384K, 0% used [0x9c800000,0x9c800000,0x9d800000)
  from space 1280K, 99% used [0x9d800000,0x9d93e100,0x9d940000)
  to   space 1280K, 0% used [0x9e940000,0x9e940000,0x9ea80000)
 ParOldGen       total 22016K, used 3401K [0x87800000, 0x88d80000, 0x9c800000)
  object space 22016K, 15% used [0x87800000,0x87b527c0,0x88d80000)
 Metaspace       used 6764K, capacity 6923K, committed 6936K, reserved 7472K
}
Event: 4,021 GC heap before
{Heap before GC invocations=4 (full 0):
 PSYoungGen      total 17664K, used 17656K [0x9c800000, 0x9ea80000, 0xa7000000)
  eden space 16384K, 100% used [0x9c800000,0x9d800000,0x9d800000)
  from space 1280K, 99% used [0x9d800000,0x9d93e100,0x9d940000)
  to   space 1280K, 0% used [0x9e940000,0x9e940000,0x9ea80000)
 ParOldGen       total 22016K, used 3401K [0x87800000, 0x88d80000, 0x9c800000)
  object space 22016K, 15% used [0x87800000,0x87b527c0,0x88d80000)
 Metaspace       used 7586K, capacity 7723K, committed 7832K, reserved 8496K
Event: 4,060 GC heap after
Heap after GC invocations=4 (full 0):
 PSYoungGen      total 34048K, used 1264K [0x9c800000, 0x9ea80000, 0xa7000000)
  eden space 32768K, 0% used [0x9c800000,0x9c800000,0x9e800000)
  from space 1280K, 98% used [0x9e940000,0x9ea7c100,0x9ea80000)
  to   space 1280K, 0% used [0x9e800000,0x9e800000,0x9e940000)
 ParOldGen       total 22016K, used 5521K [0x87800000, 0x88d80000, 0x9c800000)
  object space 22016K, 25% used [0x87800000,0x87d64650,0x88d80000)
 Metaspace       used 7586K, capacity 7723K, committed 7832K, reserved 8496K
}
Event: 4,853 GC heap before
{Heap before GC invocations=5 (full 0):
 PSYoungGen      total 34048K, used 34032K [0x9c800000, 0x9ea80000, 0xa7000000)
  eden space 32768K, 100% used [0x9c800000,0x9e800000,0x9e800000)
  from space 1280K, 98% used [0x9e940000,0x9ea7c100,0x9ea80000)
  to   space 1280K, 0% used [0x9e800000,0x9e800000,0x9e940000)
 ParOldGen       total 22016K, used 5521K [0x87800000, 0x88d80000, 0x9c800000)
  object space 22016K, 25% used [0x87800000,0x87d64650,0x88d80000)
 Metaspace       used 8366K, capacity 8533K, committed 8600K, reserved 9520K
Event: 4,871 GC heap after
Heap after GC invocations=5 (full 0):
 PSYoungGen      total 34048K, used 1264K [0x9c800000, 0xa1280000, 0xa7000000)
  eden space 32768K, 0% used [0x9c800000,0x9c800000,0x9e800000)
  from space 1280K, 98% used [0x9e800000,0x9e93c328,0x9e940000)
  to   space 5376K, 0% used [0xa0d40000,0xa0d40000,0xa1280000)
 ParOldGen       total 22016K, used 9013K [0x87800000, 0x88d80000, 0x9c800000)
  object space 22016K, 40% used [0x87800000,0x880cd750,0x88d80000)
 Metaspace       used 8366K, capacity 8533K, committed 8600K, reserved 9520K
}
Event: 7,458 GC heap before
{Heap before GC invocations=6 (full 0):
 PSYoungGen      total 34048K, used 34032K [0x9c800000, 0xa1280000, 0xa7000000)
  eden space 32768K, 100% used [0x9c800000,0x9e800000,0x9e800000)
  from space 1280K, 98% used [0x9e800000,0x9e93c328,0x9e940000)
  to   space 5376K, 0% used [0xa0d40000,0xa0d40000,0xa1280000)
 ParOldGen       total 22016K, used 9013K [0x87800000, 0x88d80000, 0x9c800000)
  object space 22016K, 40% used [0x87800000,0x880cd750,0x88d80000)
 Metaspace       used 10347K, capacity 10523K, committed 10648K, reserved 11568K
Event: 7,523 GC heap after
Heap after GC invocations=6 (full 0):
 PSYoungGen      total 69632K, used 5374K [0x9c800000, 0xa1500000, 0xa7000000)
  eden space 64256K, 0% used [0x9c800000,0x9c800000,0xa06c0000)
  from space 5376K, 99% used [0xa0d40000,0xa127fb30,0xa1280000)
  to   space 6656K, 0% used [0xa06c0000,0xa06c0000,0xa0d40000)
 ParOldGen       total 22016K, used 9465K [0x87800000, 0x88d80000, 0x9c800000)
  object space 22016K, 42% used [0x87800000,0x8813e5d0,0x88d80000)
 Metaspace       used 10347K, capacity 10523K, committed 10648K, reserved 11568K
}
Event: 100,374 GC heap before
{Heap before GC invocations=7 (full 0):
 PSYoungGen      total 69632K, used 69630K [0x9c800000, 0xa1500000, 0xa7000000)
  eden space 64256K, 100% used [0x9c800000,0xa06c0000,0xa06c0000)
  from space 5376K, 99% used [0xa0d40000,0xa127fb30,0xa1280000)
  to   space 6656K, 0% used [0xa06c0000,0xa06c0000,0xa0d40000)
 ParOldGen       total 22016K, used 9465K [0x87800000, 0x88d80000, 0x9c800000)
  object space 22016K, 42% used [0x87800000,0x8813e5d0,0x88d80000)
 Metaspace       used 11481K, capacity 11687K, committed 11800K, reserved 12592K

